<?xml version="1.0" encoding="UTF-8"?>
<!-- Generated by org.testng.reporters.JUnitXMLReporter -->
<testsuite ignored="0" hostname="Oleenas-MacBook-Air.local" failures="0" tests="10" name="Test" time="28.963" errors="0" timestamp="2026-08-27T17:12:15 IST">
  <testcase classname="testscript.DeliveryBoyTest" name="verifyUserCanCreateDeliveryBoy" time="1.244"/>
  <testcase classname="testscript.NewsTest" name="verifyUserCanCreateNews" time="1.314"/>
  <testcase classname="testscript.LocationTest" name="verifyUserCanCreateLocation" time="1.376"/>
  <testcase classname="testscript.AdminTest" name="verifyNewAdminIsCreated" time="1.178"/>
  <testcase classname="testscript.CategoryTest" name="verifyUserCanCreateCategory" time="2.026"/>
  <testcase classname="testscript.LogoutTest" name="verifyUserCanLogout" time="0.49"/>
  <testcase classname="testscript.LoginTest" name="verifyUserCanLogin" time="0.603"/>
  <testcase classname="testscript.LoginTest" name="verifyUserDoesnotLoginWithIncorrectPassword" time="0.697"/>
  <testcase classname="testscript.LoginTest" name="verifyUserDoesnotLoginWithIncorrectUsername" time="0.69"/>
  <testcase classname="testscript.LoginTest" name="verifyUserDoesnotLoginWithInvalidCredentials" time="0.605"/>
</testsuite> <!-- Test -->
