<?xml version="1.0" encoding="UTF-8"?>
<!-- Generated by org.testng.reporters.JUnitXMLReporter -->
<testsuite ignored="0" hostname="Oleenas-MacBook-Air.local" failures="0" tests="4" name="Test" time="9.702" errors="0" timestamp="2026-08-20T16:13:41 IST">
  <testcase classname="testscript.LoginTest" name="verifyUserCanLogin" time="0.52"/>
  <testcase classname="testscript.LoginTest" name="verifyUserDoesnotLoginWithIncorrectPassword" time="0.637"/>
  <testcase classname="testscript.LoginTest" name="verifyUserDoesnotLoginWithIncorrectUsername" time="0.22"/>
  <testcase classname="testscript.LoginTest" name="verifyUserDoesnotLoginWithInvalidCredentials" time="0.625"/>
</testsuite> <!-- Test -->
