<?xml version="1.0" encoding="UTF-8"?>
<testng-results ignored="0" total="10" passed="10" failed="0" skipped="0">
  <reporter-output>
  </reporter-output>
  <suite started-at="2026-08-27T17:11:41 IST" name="Suite" finished-at="2026-08-27T17:12:10 IST" duration-ms="28963">
    <groups>
      <group name="regression">
        <method signature="AdminTest.verifyNewAdminIsCreated()[pri:0, instance:testscript.AdminTest@21be3395]" name="verifyNewAdminIsCreated" class="testscript.AdminTest"/>
        <method signature="CategoryTest.verifyUserCanCreateCategory()[pri:0, instance:testscript.CategoryTest@4f49f6af]" name="verifyUserCanCreateCategory" class="testscript.CategoryTest"/>
        <method signature="DeliveryBoyTest.verifyUserCanCreateDeliveryBoy()[pri:0, instance:testscript.DeliveryBoyTest@66ea810]" name="verifyUserCanCreateDeliveryBoy" class="testscript.DeliveryBoyTest"/>
        <method signature="LocationTest.verifyUserCanCreateLocation()[pri:0, instance:testscript.LocationTest@7d322cad]" name="verifyUserCanCreateLocation" class="testscript.LocationTest"/>
        <method signature="LogoutTest.verifyUserCanLogout()[pri:0, instance:testscript.LogoutTest@78452606]" name="verifyUserCanLogout" class="testscript.LogoutTest"/>
        <method signature="NewsTest.verifyUserCanCreateNews()[pri:0, instance:testscript.NewsTest@642a7222]" name="verifyUserCanCreateNews" class="testscript.NewsTest"/>
        <method signature="LoginTest.verifyUserCanLogin()[pri:1, instance:testscript.LoginTest@147e2ae7]" name="verifyUserCanLogin" class="testscript.LoginTest"/>
      </group> <!-- regression -->
    </groups>
    <test started-at="2026-08-27T17:11:41 IST" name="Test" finished-at="2026-08-27T17:12:10 IST" duration-ms="28963">
      <class name="testscript.CategoryTest">
        <test-method is-config="true" signature="browserInitialization(java.lang.String)[pri:0, instance:testscript.CategoryTest@4f49f6af]" started-at="2026-08-27T17:11:54 IST" name="browserInitialization" finished-at="2026-08-27T17:11:56 IST" duration-ms="1708" status="PASS">
          <params>
            <param index="0">
              <value>
                <![CDATA[chrome]]>
              </value>
            </param>
          </params>
          <reporter-output>
          </reporter-output>
        </test-method> <!-- browserInitialization -->
        <test-method signature="verifyUserCanCreateCategory()[pri:0, instance:testscript.CategoryTest@4f49f6af]" started-at="2026-08-27T17:11:56 IST" name="verifyUserCanCreateCategory" description="creates new category" finished-at="2026-08-27T17:11:58 IST" duration-ms="2026" status="PASS">
          <reporter-output>
          </reporter-output>
        </test-method> <!-- verifyUserCanCreateCategory -->
        <test-method is-config="true" signature="browserQuit(org.testng.ITestResult)[pri:0, instance:testscript.CategoryTest@4f49f6af]" started-at="2026-08-27T17:11:58 IST" name="browserQuit" finished-at="2026-08-27T17:11:58 IST" duration-ms="84" status="PASS">
          <params>
            <param index="0">
              <value>
                <![CDATA[[TestResult name=verifyUserCanCreateCategory status=SUCCESS method=CategoryTest.verifyUserCanCreateCategory()[pri:0, instance:testscript.CategoryTest@4f49f6af] output={null}]]]>
              </value>
            </param>
          </params>
          <reporter-output>
          </reporter-output>
        </test-method> <!-- browserQuit -->
      </class> <!-- testscript.CategoryTest -->
      <class name="testscript.NewsTest">
        <test-method is-config="true" signature="browserInitialization(java.lang.String)[pri:0, instance:testscript.NewsTest@642a7222]" started-at="2026-08-27T17:11:45 IST" name="browserInitialization" finished-at="2026-08-27T17:11:47 IST" duration-ms="1691" status="PASS">
          <params>
            <param index="0">
              <value>
                <![CDATA[chrome]]>
              </value>
            </param>
          </params>
          <reporter-output>
          </reporter-output>
        </test-method> <!-- browserInitialization -->
        <test-method signature="verifyUserCanCreateNews()[pri:0, instance:testscript.NewsTest@642a7222]" started-at="2026-08-27T17:11:47 IST" name="verifyUserCanCreateNews" description="adds new news" finished-at="2026-08-27T17:11:48 IST" duration-ms="1314" status="PASS">
          <reporter-output>
          </reporter-output>
        </test-method> <!-- verifyUserCanCreateNews -->
        <test-method is-config="true" signature="browserQuit(org.testng.ITestResult)[pri:0, instance:testscript.NewsTest@642a7222]" started-at="2026-08-27T17:11:48 IST" name="browserQuit" finished-at="2026-08-27T17:11:48 IST" duration-ms="85" status="PASS">
          <params>
            <param index="0">
              <value>
                <![CDATA[[TestResult name=verifyUserCanCreateNews status=SUCCESS method=NewsTest.verifyUserCanCreateNews()[pri:0, instance:testscript.NewsTest@642a7222] output={null}]]]>
              </value>
            </param>
          </params>
          <reporter-output>
          </reporter-output>
        </test-method> <!-- browserQuit -->
      </class> <!-- testscript.NewsTest -->
      <class name="testscript.LocationTest">
        <test-method is-config="true" signature="browserInitialization(java.lang.String)[pri:0, instance:testscript.LocationTest@7d322cad]" started-at="2026-08-27T17:11:48 IST" name="browserInitialization" finished-at="2026-08-27T17:11:50 IST" duration-ms="1663" status="PASS">
          <params>
            <param index="0">
              <value>
                <![CDATA[chrome]]>
              </value>
            </param>
          </params>
          <reporter-output>
          </reporter-output>
        </test-method> <!-- browserInitialization -->
        <test-method signature="verifyUserCanCreateLocation()[pri:0, instance:testscript.LocationTest@7d322cad]" started-at="2026-08-27T17:11:50 IST" name="verifyUserCanCreateLocation" description="creates new location" finished-at="2026-08-27T17:11:51 IST" duration-ms="1376" status="PASS">
          <reporter-output>
          </reporter-output>
        </test-method> <!-- verifyUserCanCreateLocation -->
        <test-method is-config="true" signature="browserQuit(org.testng.ITestResult)[pri:0, instance:testscript.LocationTest@7d322cad]" started-at="2026-08-27T17:11:51 IST" name="browserQuit" finished-at="2026-08-27T17:11:51 IST" duration-ms="80" status="PASS">
          <params>
            <param index="0">
              <value>
                <![CDATA[[TestResult name=verifyUserCanCreateLocation status=SUCCESS method=LocationTest.verifyUserCanCreateLocation()[pri:0, instance:testscript.LocationTest@7d322cad] output={null}]]]>
              </value>
            </param>
          </params>
          <reporter-output>
          </reporter-output>
        </test-method> <!-- browserQuit -->
      </class> <!-- testscript.LocationTest -->
      <class name="testscript.DeliveryBoyTest">
        <test-method is-config="true" signature="browserInitialization(java.lang.String)[pri:0, instance:testscript.DeliveryBoyTest@66ea810]" started-at="2026-08-27T17:11:41 IST" name="browserInitialization" finished-at="2026-08-27T17:11:44 IST" duration-ms="2331" status="PASS">
          <params>
            <param index="0">
              <value>
                <![CDATA[chrome]]>
              </value>
            </param>
          </params>
          <reporter-output>
          </reporter-output>
        </test-method> <!-- browserInitialization -->
        <test-method signature="verifyUserCanCreateDeliveryBoy()[pri:0, instance:testscript.DeliveryBoyTest@66ea810]" started-at="2026-08-27T17:11:44 IST" name="verifyUserCanCreateDeliveryBoy" description="creates new delivery boy profile" finished-at="2026-08-27T17:11:45 IST" duration-ms="1244" status="PASS">
          <reporter-output>
          </reporter-output>
        </test-method> <!-- verifyUserCanCreateDeliveryBoy -->
        <test-method is-config="true" signature="browserQuit(org.testng.ITestResult)[pri:0, instance:testscript.DeliveryBoyTest@66ea810]" started-at="2026-08-27T17:11:45 IST" name="browserQuit" finished-at="2026-08-27T17:11:45 IST" duration-ms="85" status="PASS">
          <params>
            <param index="0">
              <value>
                <![CDATA[[TestResult name=verifyUserCanCreateDeliveryBoy status=SUCCESS method=DeliveryBoyTest.verifyUserCanCreateDeliveryBoy()[pri:0, instance:testscript.DeliveryBoyTest@66ea810] output={null}]]]>
              </value>
            </param>
          </params>
          <reporter-output>
          </reporter-output>
        </test-method> <!-- browserQuit -->
      </class> <!-- testscript.DeliveryBoyTest -->
      <class name="testscript.AdminTest">
        <test-method is-config="true" signature="browserInitialization(java.lang.String)[pri:0, instance:testscript.AdminTest@21be3395]" started-at="2026-08-27T17:11:51 IST" name="browserInitialization" finished-at="2026-08-27T17:11:53 IST" duration-ms="1740" status="PASS">
          <params>
            <param index="0">
              <value>
                <![CDATA[chrome]]>
              </value>
            </param>
          </params>
          <reporter-output>
          </reporter-output>
        </test-method> <!-- browserInitialization -->
        <test-method signature="verifyNewAdminIsCreated()[pri:0, instance:testscript.AdminTest@21be3395]" started-at="2026-08-27T17:11:53 IST" name="verifyNewAdminIsCreated" description="creates new admin" finished-at="2026-08-27T17:11:54 IST" duration-ms="1178" status="PASS">
          <reporter-output>
          </reporter-output>
        </test-method> <!-- verifyNewAdminIsCreated -->
        <test-method is-config="true" signature="browserQuit(org.testng.ITestResult)[pri:0, instance:testscript.AdminTest@21be3395]" started-at="2026-08-27T17:11:54 IST" name="browserQuit" finished-at="2026-08-27T17:11:54 IST" duration-ms="84" status="PASS">
          <params>
            <param index="0">
              <value>
                <![CDATA[[TestResult name=verifyNewAdminIsCreated status=SUCCESS method=AdminTest.verifyNewAdminIsCreated()[pri:0, instance:testscript.AdminTest@21be3395] output={null}]]]>
              </value>
            </param>
          </params>
          <reporter-output>
          </reporter-output>
        </test-method> <!-- browserQuit -->
      </class> <!-- testscript.AdminTest -->
      <class name="testscript.LoginTest">
        <test-method is-config="true" signature="browserInitialization(java.lang.String)[pri:0, instance:testscript.LoginTest@147e2ae7]" started-at="2026-08-27T17:12:00 IST" name="browserInitialization" finished-at="2026-08-27T17:12:02 IST" duration-ms="1724" status="PASS">
          <params>
            <param index="0">
              <value>
                <![CDATA[chrome]]>
              </value>
            </param>
          </params>
          <reporter-output>
          </reporter-output>
        </test-method> <!-- browserInitialization -->
        <test-method signature="verifyUserCanLogin()[pri:1, instance:testscript.LoginTest@147e2ae7]" started-at="2026-08-27T17:12:02 IST" name="verifyUserCanLogin" description="user can login successfully with valid credentials" finished-at="2026-08-27T17:12:02 IST" duration-ms="603" status="PASS">
          <reporter-output>
          </reporter-output>
        </test-method> <!-- verifyUserCanLogin -->
        <test-method is-config="true" signature="browserQuit(org.testng.ITestResult)[pri:0, instance:testscript.LoginTest@147e2ae7]" started-at="2026-08-27T17:12:02 IST" name="browserQuit" finished-at="2026-08-27T17:12:02 IST" duration-ms="80" status="PASS">
          <params>
            <param index="0">
              <value>
                <![CDATA[[TestResult name=verifyUserCanLogin status=SUCCESS method=LoginTest.verifyUserCanLogin()[pri:1, instance:testscript.LoginTest@147e2ae7] output={null}]]]>
              </value>
            </param>
          </params>
          <reporter-output>
          </reporter-output>
        </test-method> <!-- browserQuit -->
        <test-method is-config="true" signature="browserInitialization(java.lang.String)[pri:0, instance:testscript.LoginTest@147e2ae7]" started-at="2026-08-27T17:12:02 IST" name="browserInitialization" finished-at="2026-08-27T17:12:04 IST" duration-ms="1640" status="PASS">
          <params>
            <param index="0">
              <value>
                <![CDATA[chrome]]>
              </value>
            </param>
          </params>
          <reporter-output>
          </reporter-output>
        </test-method> <!-- browserInitialization -->
        <test-method signature="verifyUserDoesnotLoginWithIncorrectPassword()[pri:2, instance:testscript.LoginTest@147e2ae7]" started-at="2026-08-27T17:12:04 IST" name="verifyUserDoesnotLoginWithIncorrectPassword" description="user cannot login with incorrect password" finished-at="2026-08-27T17:12:05 IST" duration-ms="697" status="PASS">
          <reporter-output>
          </reporter-output>
        </test-method> <!-- verifyUserDoesnotLoginWithIncorrectPassword -->
        <test-method is-config="true" signature="browserQuit(org.testng.ITestResult)[pri:0, instance:testscript.LoginTest@147e2ae7]" started-at="2026-08-27T17:12:05 IST" name="browserQuit" finished-at="2026-08-27T17:12:05 IST" duration-ms="81" status="PASS">
          <params>
            <param index="0">
              <value>
                <![CDATA[[TestResult name=verifyUserDoesnotLoginWithIncorrectPassword status=SUCCESS method=LoginTest.verifyUserDoesnotLoginWithIncorrectPassword()[pri:2, instance:testscript.LoginTest@147e2ae7] output={null}]]]>
              </value>
            </param>
          </params>
          <reporter-output>
          </reporter-output>
        </test-method> <!-- browserQuit -->
        <test-method is-config="true" signature="browserInitialization(java.lang.String)[pri:0, instance:testscript.LoginTest@147e2ae7]" started-at="2026-08-27T17:12:05 IST" name="browserInitialization" finished-at="2026-08-27T17:12:07 IST" duration-ms="2132" status="PASS">
          <params>
            <param index="0">
              <value>
                <![CDATA[chrome]]>
              </value>
            </param>
          </params>
          <reporter-output>
          </reporter-output>
        </test-method> <!-- browserInitialization -->
        <test-method signature="verifyUserDoesnotLoginWithIncorrectUsername()[pri:3, instance:testscript.LoginTest@147e2ae7]" started-at="2026-08-27T17:12:07 IST" name="verifyUserDoesnotLoginWithIncorrectUsername" description="user cannot login with incorrect username" finished-at="2026-08-27T17:12:08 IST" duration-ms="690" status="PASS">
          <reporter-output>
          </reporter-output>
        </test-method> <!-- verifyUserDoesnotLoginWithIncorrectUsername -->
        <test-method is-config="true" signature="browserQuit(org.testng.ITestResult)[pri:0, instance:testscript.LoginTest@147e2ae7]" started-at="2026-08-27T17:12:08 IST" name="browserQuit" finished-at="2026-08-27T17:12:08 IST" duration-ms="80" status="PASS">
          <params>
            <param index="0">
              <value>
                <![CDATA[[TestResult name=verifyUserDoesnotLoginWithIncorrectUsername status=SUCCESS method=LoginTest.verifyUserDoesnotLoginWithIncorrectUsername()[pri:3, instance:testscript.LoginTest@147e2ae7] output={null}]]]>
              </value>
            </param>
          </params>
          <reporter-output>
          </reporter-output>
        </test-method> <!-- browserQuit -->
        <test-method is-config="true" signature="browserInitialization(java.lang.String)[pri:0, instance:testscript.LoginTest@147e2ae7]" started-at="2026-08-27T17:12:08 IST" name="browserInitialization" finished-at="2026-08-27T17:12:09 IST" duration-ms="1643" status="PASS">
          <params>
            <param index="0">
              <value>
                <![CDATA[chrome]]>
              </value>
            </param>
          </params>
          <reporter-output>
          </reporter-output>
        </test-method> <!-- browserInitialization -->
        <test-method signature="verifyUserDoesnotLoginWithInvalidCredentials()[pri:4, instance:testscript.LoginTest@147e2ae7]" started-at="2026-08-27T17:12:09 IST" name="verifyUserDoesnotLoginWithInvalidCredentials" description="user cannot login with invalid credentials" finished-at="2026-08-27T17:12:10 IST" duration-ms="605" status="PASS">
          <reporter-output>
          </reporter-output>
        </test-method> <!-- verifyUserDoesnotLoginWithInvalidCredentials -->
        <test-method is-config="true" signature="browserQuit(org.testng.ITestResult)[pri:0, instance:testscript.LoginTest@147e2ae7]" started-at="2026-08-27T17:12:10 IST" name="browserQuit" finished-at="2026-08-27T17:12:10 IST" duration-ms="83" status="PASS">
          <params>
            <param index="0">
              <value>
                <![CDATA[[TestResult name=verifyUserDoesnotLoginWithInvalidCredentials status=SUCCESS method=LoginTest.verifyUserDoesnotLoginWithInvalidCredentials()[pri:4, instance:testscript.LoginTest@147e2ae7] output={null}]]]>
              </value>
            </param>
          </params>
          <reporter-output>
          </reporter-output>
        </test-method> <!-- browserQuit -->
      </class> <!-- testscript.LoginTest -->
      <class name="testscript.LogoutTest">
        <test-method is-config="true" signature="browserInitialization(java.lang.String)[pri:0, instance:testscript.LogoutTest@78452606]" started-at="2026-08-27T17:11:58 IST" name="browserInitialization" finished-at="2026-08-27T17:12:00 IST" duration-ms="1622" status="PASS">
          <params>
            <param index="0">
              <value>
                <![CDATA[chrome]]>
              </value>
            </param>
          </params>
          <reporter-output>
          </reporter-output>
        </test-method> <!-- browserInitialization -->
        <test-method signature="verifyUserCanLogout()[pri:0, instance:testscript.LogoutTest@78452606]" started-at="2026-08-27T17:12:00 IST" name="verifyUserCanLogout" description="user can successfully logout" finished-at="2026-08-27T17:12:00 IST" duration-ms="490" status="PASS">
          <reporter-output>
          </reporter-output>
        </test-method> <!-- verifyUserCanLogout -->
        <test-method is-config="true" signature="browserQuit(org.testng.ITestResult)[pri:0, instance:testscript.LogoutTest@78452606]" started-at="2026-08-27T17:12:00 IST" name="browserQuit" finished-at="2026-08-27T17:12:00 IST" duration-ms="81" status="PASS">
          <params>
            <param index="0">
              <value>
                <![CDATA[[TestResult name=verifyUserCanLogout status=SUCCESS method=LogoutTest.verifyUserCanLogout()[pri:0, instance:testscript.LogoutTest@78452606] output={null}]]]>
              </value>
            </param>
          </params>
          <reporter-output>
          </reporter-output>
        </test-method> <!-- browserQuit -->
      </class> <!-- testscript.LogoutTest -->
    </test> <!-- Test -->
  </suite> <!-- Suite -->
</testng-results>
