<?xml version="1.0" encoding="UTF-8"?>
<!-- Generated by org.testng.reporters.JUnitXMLReporter -->
<testsuite ignored="0" hostname="Oleenas-MacBook-Air.local" failures="3" tests="10" name="Edge Test" time="125.537" errors="0" timestamp="2026-08-17T12:42:07 EDT">
  <testcase classname="testscript.AdminTest" name="verifyNewAdminIsCreated" time="31.66">
    <failure type="org.openqa.selenium.TimeoutException" message="Expected condition failed: waiting for visibility of Proxy element for: DefaultElementLocator &amp;apos;By.xpath: //div[@class=&amp;apos;alert alert-success alert-dismissible&amp;apos;]&amp;apos;
(tried for 30 seconds with 500 milliseconds interval)">
      <![CDATA[org.openqa.selenium.TimeoutException: Expected condition failed: waiting for visibility of Proxy element for: DefaultElementLocator 'By.xpath: //div[@class='alert alert-success alert-dismissible']'
(tried for 30 seconds with 500 milliseconds interval)
at org.openqa.selenium.support.ui.WebDriverWait.timeoutException(WebDriverWait.java:85)
at org.openqa.selenium.support.ui.FluentWait.until(FluentWait.java:234)
at utilities.WaitUtility.waitForElementToBeVisible(WaitUtility.java:17)
at pages.AdminPage.isNewAdminDisplayed(AdminPage.java:43)
at testscript.AdminTest.verifyNewAdminIsCreated(AdminTest.java:27)
at java.base/java.util.ArrayList.forEach(ArrayList.java:1596)
at java.base/java.util.concurrent.FutureTask.run(FutureTask.java:317)
at java.base/java.util.concurrent.ThreadPoolExecutor.runWorker(ThreadPoolExecutor.java:1144)
at java.base/java.util.concurrent.ThreadPoolExecutor$Worker.run(ThreadPoolExecutor.java:642)
at java.base/java.lang.Thread.run(Thread.java:1583)
Caused by: org.openqa.selenium.NoSuchElementException: no such element: Unable to locate element: {"method":"xpath","selector":"//div[@class='alert alert-success alert-dismissible']"}
  (Session info: MicrosoftEdge=151.0.4129.86)
For documentation on this error, please visit: https://www.selenium.dev/documentation/webdriver/troubleshooting/errors#nosuchelementexception
Build info: version: '4.43.0', revision: 'dd0f534'
System info: os.name: 'Mac OS X', os.arch: 'aarch64', os.version: '26.5.2', java.version: '21.0.11'
Driver info: org.openqa.selenium.edge.EdgeDriver
Command: [93cb98e7d9c77f1e545f7b42d5aba8e9, findElement {using=xpath, value=//div[@class='alert alert-success alert-dismissible']}]
Capabilities {acceptInsecureCerts: false, browserName: MicrosoftEdge, browserVersion: 151.0.4129.86, fedcm:accounts: true, goog:processID: 4142, ms:edgeOptions: {debuggerAddress: localhost:53269}, msedge: {msedgedriverVersion: 151.0.4129.86 (083e754915c9..., userDataDir: /var/folders/sd/cxcn49cj1pv...}, networkConnectionEnabled: false, pageLoadStrategy: normal, platformName: mac, proxy: Proxy(), se:cdp: ws://localhost:53269/devtoo..., se:cdpVersion: 151.0.4129.86, setWindowRect: true, strictFileInteractability: false, timeouts: {implicit: 0, pageLoad: 300000, script: 30000}, unhandledPromptBehavior: dismiss and notify, webauthn:extension:credBlob: true, webauthn:extension:largeBlob: true, webauthn:extension:minPinLength: true, webauthn:extension:prf: true, webauthn:virtualAuthenticators: true}
Session ID: 93cb98e7d9c77f1e545f7b42d5aba8e9
at org.openqa.selenium.remote.ErrorCodec.decode(ErrorCodec.java:169)
at org.openqa.selenium.remote.codec.w3c.W3CHttpResponseCodec.decode(W3CHttpResponseCodec.java:142)
at org.openqa.selenium.remote.codec.w3c.W3CHttpResponseCodec.decode(W3CHttpResponseCodec.java:49)
at org.openqa.selenium.remote.HttpCommandExecutor.execute(HttpCommandExecutor.java:223)
at org.openqa.selenium.remote.service.DriverCommandExecutor.invokeExecute(DriverCommandExecutor.java:216)
at org.openqa.selenium.remote.service.DriverCommandExecutor.execute(DriverCommandExecutor.java:174)
at org.openqa.selenium.remote.RemoteWebDriver.execute(RemoteWebDriver.java:606)
at org.openqa.selenium.remote.ElementLocation$ElementFinder$2.findElement(ElementLocation.java:166)
at org.openqa.selenium.remote.ElementLocation.findElement(ElementLocation.java:60)
at org.openqa.selenium.remote.RemoteWebDriver.findElement(RemoteWebDriver.java:429)
at org.openqa.selenium.remote.RemoteWebDriver.findElement(RemoteWebDriver.java:423)
at org.openqa.selenium.support.pagefactory.DefaultElementLocator.findElement(DefaultElementLocator.java:68)
at org.openqa.selenium.support.pagefactory.internal.LocatingElementHandler.invoke(LocatingElementHandler.java:38)
at jdk.proxy2/jdk.proxy2.$Proxy13.isDisplayed(Unknown Source)
at org.openqa.selenium.support.ui.ExpectedConditions.elementIfVisible(ExpectedConditions.java:365)
at org.openqa.selenium.support.ui.ExpectedConditions$10.apply(ExpectedConditions.java:351)
at org.openqa.selenium.support.ui.ExpectedConditions$10.apply(ExpectedConditions.java:348)
at org.openqa.selenium.support.ui.FluentWait.until(FluentWait.java:210)
... 23 more
... Removed 15 stack frames]]>
    </failure>
  </testcase> <!-- verifyNewAdminIsCreated -->
  <testcase classname="testscript.CategoryTest" name="verifyUserCanCreateCategory" time="0.097">
    <failure type="org.openqa.selenium.json.JsonException" message="java.lang.reflect.InvocationTargetException
Build info: version: &amp;apos;4.43.0&amp;apos;, revision: &amp;apos;dd0f534&amp;apos;
System info: os.name: &amp;apos;Mac OS X&amp;apos;, os.arch: &amp;apos;aarch64&amp;apos;, os.version: &amp;apos;26.5.2&amp;apos;, java.version: &amp;apos;21.0.11&amp;apos;
Driver info: org.openqa.selenium.edge.EdgeDriver
Command: [aed0d12243b3b2d1fb73f5b54f2a97c6, actions {actions=[org.openqa.selenium.interactions.Sequence@16a0ad6a]}]
Capabilities {acceptInsecureCerts: false, browserName: MicrosoftEdge, browserVersion: 151.0.4129.86, fedcm:accounts: true, goog:processID: 4321, ms:edgeOptions: {debuggerAddress: localhost:53425}, msedge: {msedgedriverVersion: 151.0.4129.86 (083e754915c9..., userDataDir: /var/folders/sd/cxcn49cj1pv...}, networkConnectionEnabled: false, pageLoadStrategy: normal, platformName: mac, proxy: Proxy(), se:cdp: ws://localhost:53425/devtoo..., se:cdpVersion: 151.0.4129.86, setWindowRect: true, strictFileInteractability: false, timeouts: {implicit: 0, pageLoad: 300000, script: 30000}, unhandledPromptBehavior: dismiss and notify, webauthn:extension:credBlob: true, webauthn:extension:largeBlob: true, webauthn:extension:minPinLength: true, webauthn:extension:prf: true, webauthn:virtualAuthenticators: true}
Session ID: aed0d12243b3b2d1fb73f5b54f2a97c6">
      <![CDATA[org.openqa.selenium.json.JsonException: java.lang.reflect.InvocationTargetException
Build info: version: '4.43.0', revision: 'dd0f534'
System info: os.name: 'Mac OS X', os.arch: 'aarch64', os.version: '26.5.2', java.version: '21.0.11'
Driver info: org.openqa.selenium.edge.EdgeDriver
Command: [aed0d12243b3b2d1fb73f5b54f2a97c6, actions {actions=[org.openqa.selenium.interactions.Sequence@16a0ad6a]}]
Capabilities {acceptInsecureCerts: false, browserName: MicrosoftEdge, browserVersion: 151.0.4129.86, fedcm:accounts: true, goog:processID: 4321, ms:edgeOptions: {debuggerAddress: localhost:53425}, msedge: {msedgedriverVersion: 151.0.4129.86 (083e754915c9..., userDataDir: /var/folders/sd/cxcn49cj1pv...}, networkConnectionEnabled: false, pageLoadStrategy: normal, platformName: mac, proxy: Proxy(), se:cdp: ws://localhost:53425/devtoo..., se:cdpVersion: 151.0.4129.86, setWindowRect: true, strictFileInteractability: false, timeouts: {implicit: 0, pageLoad: 300000, script: 30000}, unhandledPromptBehavior: dismiss and notify, webauthn:extension:credBlob: true, webauthn:extension:largeBlob: true, webauthn:extension:minPinLength: true, webauthn:extension:prf: true, webauthn:virtualAuthenticators: true}
Session ID: aed0d12243b3b2d1fb73f5b54f2a97c6
at org.openqa.selenium.json.JsonOutput.convertUsingMethod(JsonOutput.java:521)
at org.openqa.selenium.json.JsonOutput.lambda$new$14(JsonOutput.java:179)
at org.openqa.selenium.json.JsonOutput.write0(JsonOutput.java:410)
at org.openqa.selenium.json.JsonOutput.lambda$new$21(JsonOutput.java:201)
at java.base/java.util.stream.ForEachOps$ForEachOp$OfRef.accept(ForEachOps.java:184)
at java.base/java.util.stream.ReferencePipeline$2$1.accept(ReferencePipeline.java:179)
at java.base/java.util.Iterator.forEachRemaining(Iterator.java:133)
at java.base/java.util.Spliterators$IteratorSpliterator.forEachRemaining(Spliterators.java:1939)
at java.base/java.util.stream.AbstractPipeline.copyInto(AbstractPipeline.java:509)
at java.base/java.util.stream.AbstractPipeline.wrapAndCopyInto(AbstractPipeline.java:499)
at java.base/java.util.stream.ForEachOps$ForEachOp.evaluateSequential(ForEachOps.java:151)
at java.base/java.util.stream.ForEachOps$ForEachOp$OfRef.evaluateSequential(ForEachOps.java:174)
at java.base/java.util.stream.AbstractPipeline.evaluate(AbstractPipeline.java:234)
at java.base/java.util.stream.ReferencePipeline.forEach(ReferencePipeline.java:596)
at org.openqa.selenium.json.JsonOutput.lambda$new$19(JsonOutput.java:201)
at org.openqa.selenium.json.JsonOutput.write0(JsonOutput.java:410)
at org.openqa.selenium.json.JsonOutput.lambda$new$23(JsonOutput.java:219)
at java.base/java.util.Map.forEach(Map.java:733)
at org.openqa.selenium.json.JsonOutput.lambda$new$22(JsonOutput.java:214)
at org.openqa.selenium.json.JsonOutput.write0(JsonOutput.java:410)
at org.openqa.selenium.json.JsonOutput.write(JsonOutput.java:397)
at org.openqa.selenium.json.Json.toJson(Json.java:134)
at org.openqa.selenium.json.Json.toJson(Json.java:120)
at org.openqa.selenium.remote.codec.AbstractHttpCommandCodec.encode(AbstractHttpCommandCodec.java:244)
at org.openqa.selenium.remote.codec.AbstractHttpCommandCodec.encode(AbstractHttpCommandCodec.java:113)
at org.openqa.selenium.remote.HttpCommandExecutor.execute(HttpCommandExecutor.java:211)
at org.openqa.selenium.remote.service.DriverCommandExecutor.invokeExecute(DriverCommandExecutor.java:216)
at org.openqa.selenium.remote.service.DriverCommandExecutor.execute(DriverCommandExecutor.java:174)
at org.openqa.selenium.remote.RemoteWebDriver.execute(RemoteWebDriver.java:606)
at org.openqa.selenium.remote.RemoteWebDriver.perform(RemoteWebDriver.java:702)
at org.openqa.selenium.interactions.Actions$BuiltAction.perform(Actions.java:612)
at org.openqa.selenium.interactions.Actions.perform(Actions.java:577)
at utilities.PageUtility.clickElement(PageUtility.java:23)
at pages.CategoryPage.createCategory(CategoryPage.java:34)
at testscript.CategoryTest.verifyUserCanCreateCategory(CategoryTest.java:25)
at java.base/java.util.ArrayList.forEach(ArrayList.java:1596)
at java.base/java.util.concurrent.FutureTask.run(FutureTask.java:317)
at java.base/java.util.concurrent.ThreadPoolExecutor.runWorker(ThreadPoolExecutor.java:1144)
at java.base/java.util.concurrent.ThreadPoolExecutor$Worker.run(ThreadPoolExecutor.java:642)
at java.base/java.lang.Thread.run(Thread.java:1583)
Suppressed: org.openqa.selenium.json.JsonException: Attempting to close incomplete json stream
Build info: version: '4.43.0', revision: 'dd0f534'
System info: os.name: 'Mac OS X', os.arch: 'aarch64', os.version: '26.5.2', java.version: '21.0.11'
Driver info: driver.version: RemoteWebDriver
at org.openqa.selenium.json.JsonOutput.close(JsonOutput.java:432)
at org.openqa.selenium.json.Json.toJson(Json.java:132)
... 33 more
at org.openqa.selenium.json.JsonOutput.convertUsingMethod(JsonOutput.java:517)
... 54 more
Caused by: org.openqa.selenium.NoSuchElementException: no such element: Unable to locate element: {"method":"xpath","selector":"//a[@href='https://groceryapp.uniqassosiates.com/admin/list-category' and @class='small-box-footer']"}
  (Session info: MicrosoftEdge=151.0.4129.86)
For documentation on this error, please visit: https://www.selenium.dev/documentation/webdriver/troubleshooting/errors#nosuchelementexception
Build info: version: '4.43.0', revision: 'dd0f534'
System info: os.name: 'Mac OS X', os.arch: 'aarch64', os.version: '26.5.2', java.version: '21.0.11'
Driver info: org.openqa.selenium.edge.EdgeDriver
Command: [aed0d12243b3b2d1fb73f5b54f2a97c6, findElement {using=xpath, value=//a[@href='https://groceryapp.uniqassosiates.com/admin/list-category' and @class='small-box-footer']}]
Capabilities {acceptInsecureCerts: false, browserName: MicrosoftEdge, browserVersion: 151.0.4129.86, fedcm:accounts: true, goog:processID: 4321, ms:edgeOptions: {debuggerAddress: localhost:53425}, msedge: {msedgedriverVersion: 151.0.4129.86 (083e754915c9..., userDataDir: /var/folders/sd/cxcn49cj1pv...}, networkConnectionEnabled: false, pageLoadStrategy: normal, platformName: mac, proxy: Proxy(), se:cdp: ws://localhost:53425/devtoo..., se:cdpVersion: 151.0.4129.86, setWindowRect: true, strictFileInteractability: false, timeouts: {implicit: 0, pageLoad: 300000, script: 30000}, unhandledPromptBehavior: dismiss and notify, webauthn:extension:credBlob: true, webauthn:extension:largeBlob: true, webauthn:extension:minPinLength: true, webauthn:extension:prf: true, webauthn:virtualAuthenticators: true}
Session ID: aed0d12243b3b2d1fb73f5b54f2a97c6
at org.openqa.selenium.remote.ErrorCodec.decode(ErrorCodec.java:169)
at org.openqa.selenium.remote.codec.w3c.W3CHttpResponseCodec.decode(W3CHttpResponseCodec.java:142)
at org.openqa.selenium.remote.codec.w3c.W3CHttpResponseCodec.decode(W3CHttpResponseCodec.java:49)
at org.openqa.selenium.remote.HttpCommandExecutor.execute(HttpCommandExecutor.java:223)
at org.openqa.selenium.remote.service.DriverCommandExecutor.invokeExecute(DriverCommandExecutor.java:216)
at org.openqa.selenium.remote.service.DriverCommandExecutor.execute(DriverCommandExecutor.java:174)
at org.openqa.selenium.remote.RemoteWebDriver.execute(RemoteWebDriver.java:606)
at org.openqa.selenium.remote.ElementLocation$ElementFinder$2.findElement(ElementLocation.java:166)
at org.openqa.selenium.remote.ElementLocation.findElement(ElementLocation.java:60)
at org.openqa.selenium.remote.RemoteWebDriver.findElement(RemoteWebDriver.java:429)
at org.openqa.selenium.remote.RemoteWebDriver.findElement(RemoteWebDriver.java:423)
at org.openqa.selenium.support.pagefactory.DefaultElementLocator.findElement(DefaultElementLocator.java:68)
at org.openqa.selenium.support.pagefactory.internal.LocatingElementHandler.invoke(LocatingElementHandler.java:38)
at jdk.proxy2/jdk.proxy2.$Proxy13.getWrappedElement(Unknown Source)
at org.openqa.selenium.interactions.PointerInput$Origin.asArg(PointerInput.java:260)
at org.openqa.selenium.interactions.PointerInput$Move.encode(PointerInput.java:209)
at org.openqa.selenium.interactions.Sequence.encode(Sequence.java:73)
at org.openqa.selenium.interactions.Sequence.toJson(Sequence.java:82)
... 56 more
... Removed 19 stack frames]]>
    </failure>
  </testcase> <!-- verifyUserCanCreateCategory -->
  <testcase classname="testscript.DeliveryBoyTest" name="verifyUserCanCreateDeliveryBoy" time="32.374">
    <failure type="org.openqa.selenium.TimeoutException" message="Expected condition failed: waiting for visibility of Proxy element for: DefaultElementLocator &amp;apos;By.xpath: //div[@class=&amp;apos;alert alert-success alert-dismissible&amp;apos;]&amp;apos;
(tried for 30 seconds with 500 milliseconds interval)">
      <![CDATA[org.openqa.selenium.TimeoutException: Expected condition failed: waiting for visibility of Proxy element for: DefaultElementLocator 'By.xpath: //div[@class='alert alert-success alert-dismissible']'
(tried for 30 seconds with 500 milliseconds interval)
at org.openqa.selenium.support.ui.WebDriverWait.timeoutException(WebDriverWait.java:85)
at org.openqa.selenium.support.ui.FluentWait.until(FluentWait.java:234)
at utilities.WaitUtility.waitForElementToBeVisible(WaitUtility.java:17)
at pages.DeliveryBoyPage.isDeliveryBoyCreated(DeliveryBoyPage.java:45)
at testscript.DeliveryBoyTest.verifyUserCanCreateDeliveryBoy(DeliveryBoyTest.java:32)
at java.base/java.util.ArrayList.forEach(ArrayList.java:1596)
at java.base/java.util.concurrent.FutureTask.run(FutureTask.java:317)
at java.base/java.util.concurrent.ThreadPoolExecutor.runWorker(ThreadPoolExecutor.java:1144)
at java.base/java.util.concurrent.ThreadPoolExecutor$Worker.run(ThreadPoolExecutor.java:642)
at java.base/java.lang.Thread.run(Thread.java:1583)
Caused by: org.openqa.selenium.NoSuchElementException: no such element: Unable to locate element: {"method":"xpath","selector":"//div[@class='alert alert-success alert-dismissible']"}
  (Session info: MicrosoftEdge=151.0.4129.86)
For documentation on this error, please visit: https://www.selenium.dev/documentation/webdriver/troubleshooting/errors#nosuchelementexception
Build info: version: '4.43.0', revision: 'dd0f534'
System info: os.name: 'Mac OS X', os.arch: 'aarch64', os.version: '26.5.2', java.version: '21.0.11'
Driver info: org.openqa.selenium.edge.EdgeDriver
Command: [80ab4aef0fb1e4ffc6b0bf3e48e9f758, findElement {using=xpath, value=//div[@class='alert alert-success alert-dismissible']}]
Capabilities {acceptInsecureCerts: false, browserName: MicrosoftEdge, browserVersion: 151.0.4129.86, fedcm:accounts: true, goog:processID: 4351, ms:edgeOptions: {debuggerAddress: localhost:53463}, msedge: {msedgedriverVersion: 151.0.4129.86 (083e754915c9..., userDataDir: /var/folders/sd/cxcn49cj1pv...}, networkConnectionEnabled: false, pageLoadStrategy: normal, platformName: mac, proxy: Proxy(), se:cdp: ws://localhost:53463/devtoo..., se:cdpVersion: 151.0.4129.86, setWindowRect: true, strictFileInteractability: false, timeouts: {implicit: 0, pageLoad: 300000, script: 30000}, unhandledPromptBehavior: dismiss and notify, webauthn:extension:credBlob: true, webauthn:extension:largeBlob: true, webauthn:extension:minPinLength: true, webauthn:extension:prf: true, webauthn:virtualAuthenticators: true}
Session ID: 80ab4aef0fb1e4ffc6b0bf3e48e9f758
at org.openqa.selenium.remote.ErrorCodec.decode(ErrorCodec.java:169)
at org.openqa.selenium.remote.codec.w3c.W3CHttpResponseCodec.decode(W3CHttpResponseCodec.java:142)
at org.openqa.selenium.remote.codec.w3c.W3CHttpResponseCodec.decode(W3CHttpResponseCodec.java:49)
at org.openqa.selenium.remote.HttpCommandExecutor.execute(HttpCommandExecutor.java:223)
at org.openqa.selenium.remote.service.DriverCommandExecutor.invokeExecute(DriverCommandExecutor.java:216)
at org.openqa.selenium.remote.service.DriverCommandExecutor.execute(DriverCommandExecutor.java:174)
at org.openqa.selenium.remote.RemoteWebDriver.execute(RemoteWebDriver.java:606)
at org.openqa.selenium.remote.ElementLocation$ElementFinder$2.findElement(ElementLocation.java:166)
at org.openqa.selenium.remote.ElementLocation.findElement(ElementLocation.java:60)
at org.openqa.selenium.remote.RemoteWebDriver.findElement(RemoteWebDriver.java:429)
at org.openqa.selenium.remote.RemoteWebDriver.findElement(RemoteWebDriver.java:423)
at org.openqa.selenium.support.pagefactory.DefaultElementLocator.findElement(DefaultElementLocator.java:68)
at org.openqa.selenium.support.pagefactory.internal.LocatingElementHandler.invoke(LocatingElementHandler.java:38)
at jdk.proxy2/jdk.proxy2.$Proxy13.isDisplayed(Unknown Source)
at org.openqa.selenium.support.ui.ExpectedConditions.elementIfVisible(ExpectedConditions.java:365)
at org.openqa.selenium.support.ui.ExpectedConditions$10.apply(ExpectedConditions.java:351)
at org.openqa.selenium.support.ui.ExpectedConditions$10.apply(ExpectedConditions.java:348)
at org.openqa.selenium.support.ui.FluentWait.until(FluentWait.java:210)
... 23 more
... Removed 15 stack frames]]>
    </failure>
  </testcase> <!-- verifyUserCanCreateDeliveryBoy -->
  <testcase classname="testscript.LocationTest" name="verifyUserCanCreateLocation" time="3.228"/>
  <testcase classname="testscript.NewsTest" name="verifyUserCanCreateNews" time="4.484"/>
  <testcase classname="testscript.LogoutTest" name="verifyUserCanLogout" time="2.72"/>
  <testcase classname="testscript.LoginTest" name="verifyUserCanLogin" time="1.097"/>
  <testcase classname="testscript.LoginTest" name="verifyUserDoesnotLoginWithIncorrectPassword" time="0.608"/>
  <testcase classname="testscript.LoginTest" name="verifyUserDoesnotLoginWithIncorrectUsername" time="0.612"/>
  <testcase classname="testscript.LoginTest" name="verifyUserDoesnotLoginWithInvalidCredentials" time="0.452"/>
</testsuite> <!-- Edge Test -->
