<?xml version="1.0" encoding="UTF-8"?>
<!-- Generated by org.testng.reporters.JUnitReportReporter -->
<testsuite hostname="Oleenas-MacBook-Air.local" failures="0" tests="4" name="testscript.LoginTest" time="8.508" errors="0" timestamp="2026-08-27T17:01:33 IST" skipped="0">
  <testcase classname="testscript.LoginTest" name="verifyUserCanLogin" time="2.254"/>
  <testcase classname="testscript.LoginTest" name="verifyUserDoesnotLoginWithIncorrectPassword" time="1.882"/>
  <testcase classname="testscript.LoginTest" name="verifyUserDoesnotLoginWithIncorrectUsername" time="1.944"/>
  <testcase classname="testscript.LoginTest" name="verifyUserDoesnotLoginWithInvalidCredentials" time="2.428"/>
</testsuite> <!-- testscript.LoginTest -->
