<?xml version="1.0" encoding="UTF-8"?>
<!-- Generated by org.testng.reporters.JUnitReportReporter -->
<testsuite hostname="Oleenas-MacBook-Air.local" failures="0" tests="2" name="testscript.LocationTest" time="21.835" errors="0" timestamp="2026-08-17T13:10:53 EDT" skipped="0">
  <testcase classname="testscript.LocationTest" name="verifyUserCanCreateLocation" time="13.542"/>
  <testcase classname="testscript.LocationTest" name="verifyUserCanCreateLocation" time="8.293"/>
</testsuite> <!-- testscript.LocationTest -->
