<?xml version="1.0" encoding="UTF-8"?>
<!-- Generated by org.testng.reporters.JUnitReportReporter -->
<testsuite hostname="Oleenas-MacBook-Air.local" failures="0" tests="4" name="testscript.LoginTest" time="10.058" errors="0" timestamp="2026-08-27T17:12:15 IST" skipped="0">
  <testcase classname="testscript.LoginTest" name="verifyUserCanLogin" time="2.816"/>
  <testcase classname="testscript.LoginTest" name="verifyUserDoesnotLoginWithIncorrectPassword" time="2.501"/>
  <testcase classname="testscript.LoginTest" name="verifyUserDoesnotLoginWithIncorrectUsername" time="2.413"/>
  <testcase classname="testscript.LoginTest" name="verifyUserDoesnotLoginWithInvalidCredentials" time="2.328"/>
</testsuite> <!-- testscript.LoginTest -->
